<?xml version="1.0" encoding="UTF-8"?>
<!-- Generated by org.testng.reporters.JUnitReportReporter -->
<testsuite hostname="Jasmin-PC" name="com.FCI.SWE.Models.TestPrivacyEntity" tests="2" failures="0" timestamp="10 May 2015 21:27:33 GMT" time="0.386" errors="0">
  <testcase name="fillAccToPrivacyPrivateModelTest" time="0.376" classname="com.FCI.SWE.Models.TestPrivacyEntity"/>
  <testcase name="fillAccToPrivacyPublicModelTest" time="0.010" classname="com.FCI.SWE.Models.TestPrivacyEntity"/>
</testsuite> <!-- com.FCI.SWE.Models.TestPrivacyEntity -->
