<?xml version="1.0" encoding="UTF-8"?>
<!-- Generated by org.testng.reporters.JUnitReportReporter -->
<testsuite hostname="Jasmin-PC" name="com.FCI.SWE.Models.TestPostEntity" tests="4" failures="0" timestamp="10 May 2015 19:50:13 GMT" time="0.378" errors="0">
  <testcase name="getPostModelTest" time="0.007" classname="com.FCI.SWE.Models.TestPostEntity"/>
  <testcase name="RegisterPostFPModelTest" time="0.008" classname="com.FCI.SWE.Models.TestPostEntity"/>
  <testcase name="RegisterPostModelTest" time="0.360" classname="com.FCI.SWE.Models.TestPostEntity"/>
  <testcase name="RegisterPostModelTest1" time="0.003" classname="com.FCI.SWE.Models.TestPostEntity"/>
</testsuite> <!-- com.FCI.SWE.Models.TestPostEntity -->
