<?xml version="1.0" encoding="UTF-8"?>
<!-- Generated by org.testng.reporters.JUnitReportReporter -->
<testsuite hostname="Jasmin-PC" name="com.FCI.SWE.Models.TestPageEntity" tests="3" failures="0" timestamp="10 May 2015 21:55:19 GMT" time="0.433" errors="0">
  <testcase name="getPageModelTest" time="0.001" classname="com.FCI.SWE.Models.TestPageEntity"/>
  <testcase name="checkPageModelTest" time="0.007" classname="com.FCI.SWE.Models.TestPageEntity"/>
  <testcase name="SavePageModelTest" time="0.425" classname="com.FCI.SWE.Models.TestPageEntity"/>
</testsuite> <!-- com.FCI.SWE.Models.TestPageEntity -->
