<?xml version="1.0" encoding="UTF-8"?>
<!-- Generated by org.testng.reporters.JUnitReportReporter -->
<testsuite hostname="Jasmin-PC" name="com.FCI.SWE.Models.TestModel" tests="3" failures="0" timestamp="10 May 2015 15:53:13 GMT" time="0.359" errors="0">
  <testcase name="RegisterPostModelTest" time="0.352" classname="com.FCI.SWE.Models.TestModel"/>
  <testcase name="SendChatMsgModelTest" time="0.003" classname="com.FCI.SWE.Models.TestModel"/>
  <testcase name="RegisterPostModelTest1" time="0.004" classname="com.FCI.SWE.Models.TestModel"/>
</testsuite> <!-- com.FCI.SWE.Models.TestModel -->
