<?xml version="1.0" encoding="UTF-8"?>
<!-- Generated by org.testng.reporters.JUnitReportReporter -->
<testsuite hostname="Jasmin-PC" name="com.FCI.SWE.Models.TestMsgEntity" tests="3" failures="0" timestamp="10 May 2015 20:27:10 GMT" time="0.359" errors="0">
  <testcase name="SendGroupMsgModelTest1" time="0.003" classname="com.FCI.SWE.Models.TestMsgEntity"/>
  <testcase name="CreateGroupMsgModelTest" time="0.325" classname="com.FCI.SWE.Models.TestMsgEntity"/>
  <testcase name="SendChatMsgModelTest" time="0.031" classname="com.FCI.SWE.Models.TestMsgEntity"/>
</testsuite> <!-- com.FCI.SWE.Models.TestMsgEntity -->
