<?xml version="1.0" encoding="UTF-8"?>
<!-- Generated by org.testng.reporters.JUnitReportReporter -->
<testsuite hostname="Jasmin-PC" name="com.FCI.SWE.Models.TestFriendEntity" tests="2" failures="0" timestamp="10 May 2015 20:59:41 GMT" time="0.392" errors="0">
  <testcase name="SendRequestModelTest" time="0.382" classname="com.FCI.SWE.Models.TestFriendEntity"/>
  <testcase name="AcceptRequestModelTest" time="0.010" classname="com.FCI.SWE.Models.TestFriendEntity"/>
</testsuite> <!-- com.FCI.SWE.Models.TestFriendEntity -->
